Arguments: 
  /Users/lucascoronel/Library/Application Support/fnm/node-versions/v18.15.0/installation/bin/node /Users/lucascoronel/.cache/node/corepack/yarn/1.22.19/bin/yarn.js init

PATH: 
  /Users/lucascoronel/Library/Caches/fnm_multishells/54557_1678829801889/bin:/Users/lucascoronel/Library/Application Support/fnm:/Users/lucascoronel/Library/Caches/fnm_multishells/54544_1678829801884/bin:/opt/homebrew/bin:/opt/homebrew/sbin:/usr/local/bin:/System/Cryptexes/App/usr/bin:/usr/bin:/bin:/usr/sbin:/sbin:/usr/local/go/bin:/Library/Apple/usr/bin:/Users/lucascoronel/Library/Caches/fnm_multishells/53129_1678828816006/bin:/Users/lucascoronel/Library/Application Support/fnm:/Users/lucascoronel/Library/Caches/fnm_multishells/53116_1678828815999/bin:/opt/homebrew/bin:/opt/homebrew/sbin:/Users/lucascoronel/Library/Caches/fnm_multishells/51836_1678828483030/bin:/Users/lucascoronel/Library/Caches/fnm_multishells/51821_1678828483023/bin:/Users/lucascoronel/.local/share/zinit/polaris/bin

Yarn version: 
  1.22.19

Node version: 
  18.15.0

Platform: 
  darwin arm64

Trace: 
  Error: canceled
      at Interface.<anonymous> (/Users/lucascoronel/.cache/node/corepack/yarn/1.22.19/lib/cli.js:137150:13)
      at Interface.emit (node:events:513:28)
      at [_ttyWrite] [as _ttyWrite] (node:internal/readline/interface:1131:18)
      at ReadStream.onkeypress (node:internal/readline/interface:270:20)
      at ReadStream.emit (node:events:513:28)
      at emitKeys (node:internal/readline/utils:357:14)
      at emitKeys.next (<anonymous>)
      at ReadStream.onData (node:internal/readline/emitKeypressEvents:64:36)
      at ReadStream.emit (node:events:513:28)
      at addChunk (node:internal/streams/readable:324:12)

npm manifest: 
  No manifest

yarn manifest: 
  No manifest

Lockfile: 
  No lockfile
